########### array before sorts ###########
0	-2.540000	-6.350000	142.220000	-6.350000	n
1	142.220000	-6.350000	142.220000	101.270000	n
2	142.220000	101.270000	-2.540000	101.270000	n
3	-2.540000	101.270000	-2.540000	-6.350000	n
Tolerance=0.050000.
*Exact match for i=0 and j=1.
*i point -2.540000	-6.350000	142.220000	-6.350000	y
*Exact match for i=1 and j=2.
*i point 142.220000	-6.350000	142.220000	101.270000	y
*Exact match for i=2 and j=3.
*i point 142.220000	101.270000	-2.540000	101.270000	y
########### array after sorts ###########
0	-2.540000	-6.350000	142.220000	-6.350000	y
1	142.220000	-6.350000	142.220000	101.270000	y
2	142.220000	101.270000	-2.540000	101.270000	y
3	-2.540000	101.270000	-2.540000	-6.350000	y
***************
.BOARD_OUTLINE UNOWNED
1.6
0     -2.540000     -6.350000     0
0     142.220000     -6.350000     0
0     142.220000     101.270000     0
0     -2.540000     101.270000     0
0     -2.540000     -6.350000     0
